#
# There is insufficient memory for the Java Runtime Environment to continue.
# Native memory allocation (mmap) failed to map 67108864 bytes for Failed to commit area from 0x00000000c0000000 to 0x00000000c4000000 of length 67108864.
# Possible reasons:
#   The system is out of physical RAM or swap space
#   The process is running with CompressedOops enabled, and the Java Heap may be blocking the growth of the native heap
# Possible solutions:
#   Reduce memory load on the system
#   Increase physical memory or swap space
#   Check if swap backing store is full
#   Decrease Java heap size (-Xmx/-Xms)
#   Decrease number of Java threads
#   Decrease Java thread stack sizes (-Xss)
#   Set larger code cache with -XX:ReservedCodeCacheSize=
# This output file may be truncated or incomplete.
#
#  Out of Memory Error (./src/hotspot/os/windows/os_windows.cpp:3303), pid=1092, tid=204
#
# JRE version:  (11.0.9+11) (build )
# Java VM: OpenJDK 64-Bit Server VM (11.0.9+11-b1145.21, mixed mode, sharing, tiered, compressed oops, g1 gc, windows-amd64)
# Core dump will be written. Default location: C:\xampp\htdocs\Fix-Billy\Fix-Billy\hs_err_pid1092.mdmp
#

---------------  S U M M A R Y ------------

Command Line: org.jetbrains.git4idea.http.GitAskPassApp Username for 'https://github.com': 

Host: Intel(R) Xeon(R) CPU E5-2673 v4 @ 2.30GHz, 2 cores, 3G,  Windows Server 2019 , 64 bit Build 17763 (10.0.17763.475)
Time: Mon Dec 14 15:09:19 2020 W. Europe Standard Time elapsed time: 0.057770 seconds (0d 0h 0m 0s)

---------------  T H R E A D  ---------------

Current thread (0x000002934d54c000):  JavaThread "Unknown thread" [_thread_in_vm, id=204, stack(0x00000097b4e00000,0x00000097b4f00000)]

Stack: [0x00000097b4e00000,0x00000097b4f00000]
Native frames: (J=compiled Java code, j=interpreted, Vv=VM code, C=native code)
V  [jvm.dll+0x5ed3ca]
V  [jvm.dll+0x722725]
V  [jvm.dll+0x723c7d]
V  [jvm.dll+0x724333]
V  [jvm.dll+0x242bd8]
V  [jvm.dll+0x5ea884]
V  [jvm.dll+0x5df995]
V  [jvm.dll+0x2fe13b]
V  [jvm.dll+0x2fe0aa]
V  [jvm.dll+0x2fdf82]
V  [jvm.dll+0x302e56]
V  [jvm.dll+0x34b583]
V  [jvm.dll+0x34bc86]
V  [jvm.dll+0x34b683]
V  [jvm.dll+0x2d8df8]
V  [jvm.dll+0x2d9f97]
V  [jvm.dll+0x701517]
V  [jvm.dll+0x702d0c]
V  [jvm.dll+0x358b39]
V  [jvm.dll+0x6e4f9e]
V  [jvm.dll+0x3c0db3]
V  [jvm.dll+0x3c2f61]
C  [jli.dll+0x5373]
C  [ucrtbase.dll+0x2268a]
C  [KERNEL32.DLL+0x17974]
C  [ntdll.dll+0x5a0b1]


---------------  P R O C E S S  ---------------

Threads class SMR info:
_java_thread_list=0x000002934d362390, length=0, elements={
}

Java Threads: ( => current thread )

Other Threads:
  0x000002934d564000 GCTaskThread "GC Thread#0" [stack: 0x00000097b4f00000,0x00000097b5000000] [id=4736]
  0x000002934d582000 ConcurrentGCThread "G1 Main Marker" [stack: 0x00000097b5000000,0x00000097b5100000] [id=7176]
  0x000002934d584800 ConcurrentGCThread "G1 Conc#0" [stack: 0x00000097b5100000,0x00000097b5200000] [id=2488]

[error occurred during error reporting (printing all threads), id 0xc0000005, EXCEPTION_ACCESS_VIOLATION (0xc0000005) at pc=0x00007ff99eb99397]

VM state:not at safepoint (not fully initialized)

VM Mutex/Monitor currently owned by a thread:  ([mutex/lock_event])
[0x000002934d5484f0] Heap_lock - owner thread: 0x000002934d54c000

Heap address: 0x00000000c0000000, size: 1024 MB, Compressed Oops mode: Non-zero based: 0x00000000c0000000
Narrow klass base: 0x0000000000000000, Narrow klass shift: 0

GC Heap History (0 events):
No events

Deoptimization events (0 events):
No events

Classes redefined (0 events):
No events

Internal exceptions (0 events):
No events

Events (1 events):
Event: 0.040 Loaded shared library C:\Users\Hugo_2002\AppData\Local\JetBrains\Toolbox\apps\PhpStorm\ch-0\203.5981.175\jbr\bin\zip.dll


Dynamic libraries:
0x00007ff668f10000 - 0x00007ff668f1a000 	C:\Users\Hugo_2002\AppData\Local\JetBrains\Toolbox\apps\PhpStorm\ch-0\203.5981.175\jbr\bin\java.exe
0x00007ff9d2c10000 - 0x00007ff9d2dfd000 	C:\windows\SYSTEM32\ntdll.dll
0x00007ff9d00e0000 - 0x00007ff9d0193000 	C:\windows\System32\KERNEL32.DLL
0x00007ff9cf760000 - 0x00007ff9cf9f5000 	C:\windows\System32\KERNELBASE.dll
0x00007ff9cfa00000 - 0x00007ff9cfafa000 	C:\windows\System32\ucrtbase.dll
0x00007ff9aea00000 - 0x00007ff9aea19000 	C:\Users\Hugo_2002\AppData\Local\JetBrains\Toolbox\apps\PhpStorm\ch-0\203.5981.175\jbr\bin\jli.dll
0x00007ff9cff40000 - 0x00007ff9d00d7000 	C:\windows\System32\USER32.dll
0x00007ff9ceda0000 - 0x00007ff9cedc0000 	C:\windows\System32\win32u.dll
0x00007ff9d1720000 - 0x00007ff9d1749000 	C:\windows\System32\GDI32.dll
0x00007ff9cee40000 - 0x00007ff9cefdc000 	C:\windows\System32\gdi32full.dll
0x00007ff9cfce0000 - 0x00007ff9cfd80000 	C:\windows\System32\msvcp_win.dll
0x00007ff9c0210000 - 0x00007ff9c0489000 	C:\windows\WinSxS\amd64_microsoft.windows.common-controls_6595b64144ccf1df_6.0.17763.1637_none_de704308534c3ec5\COMCTL32.dll
0x00007ff9ae9e0000 - 0x00007ff9ae9f7000 	C:\Users\Hugo_2002\AppData\Local\JetBrains\Toolbox\apps\PhpStorm\ch-0\203.5981.175\jbr\bin\VCRUNTIME140.dll
0x00007ff9d2780000 - 0x00007ff9d281e000 	C:\windows\System32\msvcrt.dll
0x00007ff9d1750000 - 0x00007ff9d1a7e000 	C:\windows\System32\combase.dll
0x00007ff9d1c90000 - 0x00007ff9d1db2000 	C:\windows\System32\RPCRT4.dll
0x00007ff9cedc0000 - 0x00007ff9cee3f000 	C:\windows\System32\bcryptPrimitives.dll
0x00007ff9d1c60000 - 0x00007ff9d1c8e000 	C:\windows\System32\IMM32.DLL
0x00007ff9ae940000 - 0x00007ff9ae9dd000 	C:\Users\Hugo_2002\AppData\Local\JetBrains\Toolbox\apps\PhpStorm\ch-0\203.5981.175\jbr\bin\msvcp140.dll
0x00007ff99e8b0000 - 0x00007ff99f37e000 	C:\Users\Hugo_2002\AppData\Local\JetBrains\Toolbox\apps\PhpStorm\ch-0\203.5981.175\jbr\bin\server\jvm.dll
0x00007ff9cfe90000 - 0x00007ff9cff33000 	C:\windows\System32\ADVAPI32.dll
0x00007ff9d26e0000 - 0x00007ff9d277f000 	C:\windows\System32\sechost.dll
0x00007ff9d1c50000 - 0x00007ff9d1c58000 	C:\windows\System32\PSAPI.DLL
0x00007ff9bde80000 - 0x00007ff9bde89000 	C:\windows\SYSTEM32\WSOCK32.dll
0x00007ff9d2a60000 - 0x00007ff9d2acd000 	C:\windows\System32\WS2_32.dll
0x00007ff9cc820000 - 0x00007ff9cc844000 	C:\windows\SYSTEM32\WINMM.dll
0x00007ff9c1b20000 - 0x00007ff9c1b2a000 	C:\windows\SYSTEM32\VERSION.dll
0x00007ff9cc620000 - 0x00007ff9cc64d000 	C:\windows\SYSTEM32\WINMMBASE.dll
0x00007ff9cfde0000 - 0x00007ff9cfe2a000 	C:\windows\System32\cfgmgr32.dll
0x00007ff9cec50000 - 0x00007ff9cec61000 	C:\windows\System32\kernel.appcore.dll
0x00007ff99fed0000 - 0x00007ff99fee1000 	C:\Users\Hugo_2002\AppData\Local\JetBrains\Toolbox\apps\PhpStorm\ch-0\203.5981.175\jbr\bin\verify.dll
0x00007ff9c5a10000 - 0x00007ff9c5bfd000 	C:\windows\SYSTEM32\DBGHELP.DLL
0x00007ff9c54c0000 - 0x00007ff9c54ea000 	C:\windows\SYSTEM32\dbgcore.DLL
0x00007ff99fea0000 - 0x00007ff99fec9000 	C:\Users\Hugo_2002\AppData\Local\JetBrains\Toolbox\apps\PhpStorm\ch-0\203.5981.175\jbr\bin\java.dll
0x00007ff9aaf20000 - 0x00007ff9aaf2b000 	C:\Users\Hugo_2002\AppData\Local\JetBrains\Toolbox\apps\PhpStorm\ch-0\203.5981.175\jbr\bin\jimage.dll
0x00007ff99fe80000 - 0x00007ff99fe98000 	C:\Users\Hugo_2002\AppData\Local\JetBrains\Toolbox\apps\PhpStorm\ch-0\203.5981.175\jbr\bin\zip.dll

dbghelp: loaded successfully - version: 4.0.5 - missing functions: none
symbol engine: initialized successfully - sym options: 0x614 - pdb path: .;C:\Users\Hugo_2002\AppData\Local\JetBrains\Toolbox\apps\PhpStorm\ch-0\203.5981.175\jbr\bin;C:\windows\SYSTEM32;C:\windows\WinSxS\amd64_microsoft.windows.common-controls_6595b64144ccf1df_6.0.17763.1637_none_de704308534c3ec5;C:\Users\Hugo_2002\AppData\Local\JetBrains\Toolbox\apps\PhpStorm\ch-0\203.5981.175\jbr\bin\server

VM Arguments:
java_command: org.jetbrains.git4idea.http.GitAskPassApp Username for 'https://github.com': 
java_class_path (initial): C:/Users/Hugo_2002/AppData/Local/JetBrains/Toolbox/apps/PhpStorm/ch-0/203.5981.175/plugins/git4idea/lib/git4idea-rt.jar;C:/Users/Hugo_2002/AppData/Local/JetBrains/Toolbox/apps/PhpStorm/ch-0/203.5981.175/lib/xmlrpc-2.0.1.jar;C:/Users/Hugo_2002/AppData/Local/JetBrains/Toolbox/apps/PhpStorm/ch-0/203.5981.175/lib/commons-codec-1.14.jar
Launcher Type: SUN_STANDARD

[Global flags]
     intx CICompilerCount                          = 2                                         {product} {ergonomic}
     uint ConcGCThreads                            = 1                                         {product} {ergonomic}
     uint G1ConcRefinementThreads                  = 2                                         {product} {ergonomic}
   size_t G1HeapRegionSize                         = 1048576                                   {product} {ergonomic}
    uintx GCDrainStackTargetSize                   = 64                                        {product} {ergonomic}
   size_t InitialHeapSize                          = 67108864                                  {product} {ergonomic}
   size_t MarkStackSize                            = 4194304                                   {product} {ergonomic}
   size_t MaxHeapSize                              = 1073741824                                {product} {ergonomic}
   size_t MinHeapDeltaBytes                        = 1048576                                   {product} {ergonomic}
    uintx NonNMethodCodeHeapSize                   = 5825164                                {pd product} {ergonomic}
    uintx NonProfiledCodeHeapSize                  = 122916538                              {pd product} {ergonomic}
    uintx ProfiledCodeHeapSize                     = 122916538                              {pd product} {ergonomic}
    uintx ReservedCodeCacheSize                    = 251658240                              {pd product} {ergonomic}
     bool SegmentedCodeCache                       = true                                      {product} {ergonomic}
     bool UseCompressedClassPointers               = true                                 {lp64_product} {ergonomic}
     bool UseCompressedOops                        = true                                 {lp64_product} {ergonomic}
     bool UseG1GC                                  = true                                      {product} {ergonomic}
     bool UseLargePagesIndividualAllocation        = false                                  {pd product} {ergonomic}

Logging:
Log output configuration:
 #0: stdout all=warning uptime,level,tags
 #1: stderr all=off uptime,level,tags

Environment Variables:
PATH=C:/Program Files/Git/mingw64/libexec/git-core;C:/Program Files/Git/mingw64/libexec/git-core;C:\Program Files\Git\mingw64\bin;C:\Program Files\Git\usr\bin;C:\Users\Hugo_2002\bin;C:\windows\system32;C:\windows;C:\windows\System32\Wbem;C:\windows\System32\WindowsPowerShell\v1.0\;C:\windows\System32\OpenSSH\;C:\Program Files\Git\cmd;C:\Users\Hugo_2002\AppData\Local\Microsoft\WindowsApps;C:\Users\Hugo_2002\AppData\Local\Programs\Microsoft VS Code\bin;C:\Users\Hugo_2002\AppData\Local\GitHubDesktop\bin
USERNAME=Hugo_2002
DISPLAY=:0.0
LC_ALL=en_US.UTF-8
OS=Windows_NT
PROCESSOR_IDENTIFIER=Intel64 Family 6 Model 79 Stepping 1, GenuineIntel



---------------  S Y S T E M  ---------------

OS: Windows Server 2019 , 64 bit Build 17763 (10.0.17763.475)
OS uptime: 0 days 2:08 hours
HyperV virtualization detected

CPU:total 2 (initial active 2) (2 cores per cpu, 1 threads per core) family 6 model 79 stepping 1, cmov, cx8, fxsr, mmx, sse, sse2, sse3, ssse3, sse4.1, sse4.2, popcnt, avx, avx2, aes, clmul, erms, rtm, 3dnowpref, lzcnt, tsc, bmi1, bmi2, adx, fma

Memory: 4k page, system-wide physical 4095M (146M free)
TotalPageFile size 5119M (AvailPageFile size 43M)
current process WorkingSet (physical memory assigned to process): 9M, peak: 9M
current process commit charge ("private bytes"): 47M, peak: 111M

vm_info: OpenJDK 64-Bit Server VM (11.0.9+11-b1145.21) for windows-amd64 JRE (11.0.9+11-b1145.21), built on Nov 21 2020 14:37:09 by "" with MS VC++ 14.0 (VS2015)

END.
